<?xml version="1.0" encoding="UTF-8"?>
<!-- Generated by org.testng.reporters.JUnitXMLReporter -->
<testsuite hostname="Khursheeds-Air" name="SQA Automation Test Selenium - Guru99 user id and password texts - firefox" tests="2" failures="0" timestamp="11 Aug 2018 17:21:48 GMT" time="28.735" errors="0">
  <testcase name="test_Home_Page_DashBoard_userName" time="0.647" classname="com.guru99.tests.TestGuru99HomePage"/>
  <testcase name="test_UserIdPasswdLabels" time="1.216" classname="com.guru99.tests.TestGuru99HomePage"/>
</testsuite>
